[20:49:17] [main/INFO]: Setting user: Player394
[20:49:28] [main/WARN]: Skipping bad option: lastServer:
[20:49:28] [main/INFO]: LWJGL Version: 2.9.4
[20:49:42] [main/INFO]: Reloading ResourceManager: Default, FMLFileResourcePack:Forge Mod Loader, FMLFileResourcePack:Minecraft Forge, FMLFileResourcePack:The CAAB
[20:49:52] [Sound Library Loader/INFO]: Starting up SoundSystem...
[20:49:53] [Thread-5/INFO]: Initializing LWJGL OpenAL
[20:49:53] [Thread-5/INFO]: (The LWJGL binding of OpenAL.  For more information, see http://www.lwjgl.org)
[20:49:55] [Thread-5/INFO]: OpenAL initialized.
[20:49:55] [Sound Library Loader/INFO]: Sound engine started
[20:50:04] [main/INFO]: Created: 512x512 textures-atlas
[20:50:07] [main/WARN]: Skipping bad option: lastServer:
[20:50:08] [main/INFO]: Narrator library for x64 successfully loaded
[20:59:58] [Server thread/INFO]: Starting integrated minecraft server version 1.12.2
[20:59:58] [Server thread/INFO]: Generating keypair
[21:00:02] [Server thread/INFO]: Loaded 488 advancements
[21:00:02] [Server thread/INFO]: Preparing start region for level 0
[21:00:03] [Server thread/INFO]: Preparing spawn area: 0%
[21:00:04] [Server thread/INFO]: Preparing spawn area: 46%
[21:00:05] [Server thread/INFO]: Preparing spawn area: 98%
[21:00:06] [Server thread/INFO]: Changing view distance to 12, from 10
[21:00:09] [main/WARN]: Couldn't look up profile properties for com.mojang.authlib.GameProfile@11d5c246[id=9662db8b-9062-3256-9f5d-83caa676c3d7,name=Player394,properties={},legacy=false]
com.mojang.authlib.exceptions.AuthenticationUnavailableException: Cannot contact authentication server
	at com.mojang.authlib.yggdrasil.YggdrasilAuthenticationService.makeRequest(YggdrasilAuthenticationService.java:85) ~[YggdrasilAuthenticationService.class:?]
	at com.mojang.authlib.yggdrasil.YggdrasilMinecraftSessionService.fillGameProfile(YggdrasilMinecraftSessionService.java:180) [YggdrasilMinecraftSessionService.class:?]
	at com.mojang.authlib.yggdrasil.YggdrasilMinecraftSessionService.fillProfileProperties(YggdrasilMinecraftSessionService.java:173) [YggdrasilMinecraftSessionService.class:?]
	at net.minecraft.client.Minecraft.launchIntegratedServer(Minecraft.java:2549) [Minecraft.class:?]
	at net.minecraftforge.fml.client.FMLClientHandler.tryLoadExistingWorld(FMLClientHandler.java:764) [FMLClientHandler.class:?]
	at net.minecraft.client.gui.GuiListWorldSelectionEntry.loadWorld(GuiListWorldSelectionEntry.java:253) [GuiListWorldSelectionEntry.class:?]
	at net.minecraft.client.gui.GuiListWorldSelectionEntry.joinWorld(GuiListWorldSelectionEntry.java:203) [GuiListWorldSelectionEntry.class:?]
	at net.minecraft.client.gui.GuiWorldSelection.actionPerformed(GuiWorldSelection.java:87) [GuiWorldSelection.class:?]
	at net.minecraft.client.gui.GuiScreen.mouseClicked(GuiScreen.java:494) [GuiScreen.class:?]
	at net.minecraft.client.gui.GuiWorldSelection.mouseClicked(GuiWorldSelection.java:133) [GuiWorldSelection.class:?]
	at net.minecraft.client.gui.GuiScreen.handleMouseInput(GuiScreen.java:611) [GuiScreen.class:?]
	at net.minecraft.client.gui.GuiWorldSelection.handleMouseInput(GuiWorldSelection.java:49) [GuiWorldSelection.class:?]
	at net.minecraft.client.gui.GuiScreen.handleInput(GuiScreen.java:576) [GuiScreen.class:?]
	at net.minecraft.client.Minecraft.runTick(Minecraft.java:1884) [Minecraft.class:?]
	at net.minecraft.client.Minecraft.runGameLoop(Minecraft.java:1186) [Minecraft.class:?]
	at net.minecraft.client.Minecraft.run(Minecraft.java:441) [Minecraft.class:?]
	at net.minecraft.client.main.Main.main(Main.java:118) [Main.class:?]
	at sun.reflect.NativeMethodAccessorImpl.invoke0(Native Method) ~[?:1.8.0_101]
	at sun.reflect.NativeMethodAccessorImpl.invoke(NativeMethodAccessorImpl.java:62) ~[?:1.8.0_101]
	at sun.reflect.DelegatingMethodAccessorImpl.invoke(DelegatingMethodAccessorImpl.java:43) ~[?:1.8.0_101]
	at java.lang.reflect.Method.invoke(Method.java:498) ~[?:1.8.0_101]
	at net.minecraft.launchwrapper.Launch.launch(Launch.java:135) [launchwrapper-1.12.jar:?]
	at net.minecraft.launchwrapper.Launch.main(Launch.java:28) [launchwrapper-1.12.jar:?]
	at sun.reflect.NativeMethodAccessorImpl.invoke0(Native Method) ~[?:1.8.0_101]
	at sun.reflect.NativeMethodAccessorImpl.invoke(NativeMethodAccessorImpl.java:62) ~[?:1.8.0_101]
	at sun.reflect.DelegatingMethodAccessorImpl.invoke(DelegatingMethodAccessorImpl.java:43) ~[?:1.8.0_101]
	at java.lang.reflect.Method.invoke(Method.java:498) ~[?:1.8.0_101]
	at net.minecraftforge.gradle.GradleStartCommon.launch(GradleStartCommon.java:97) [start/:?]
	at GradleStart.main(GradleStart.java:26) [start/:?]
Caused by: java.net.UnknownHostException: sessionserver.mojang.com
	at java.net.AbstractPlainSocketImpl.connect(AbstractPlainSocketImpl.java:184) ~[?:1.8.0_101]
	at java.net.PlainSocketImpl.connect(PlainSocketImpl.java:172) ~[?:1.8.0_101]
	at java.net.SocksSocketImpl.connect(SocksSocketImpl.java:392) ~[?:1.8.0_101]
	at java.net.Socket.connect(Socket.java:589) ~[?:1.8.0_101]
	at sun.security.ssl.SSLSocketImpl.connect(SSLSocketImpl.java:668) ~[?:1.8.0_101]
	at sun.net.NetworkClient.doConnect(NetworkClient.java:175) ~[?:1.8.0_101]
	at sun.net.www.http.HttpClient.openServer(HttpClient.java:432) ~[?:1.8.0_101]
	at sun.net.www.http.HttpClient.openServer(HttpClient.java:527) ~[?:1.8.0_101]
	at sun.net.www.protocol.https.HttpsClient.<init>(HttpsClient.java:264) ~[?:1.8.0_101]
	at sun.net.www.protocol.https.HttpsClient.New(HttpsClient.java:367) ~[?:1.8.0_101]
	at sun.net.www.protocol.https.AbstractDelegateHttpsURLConnection.getNewHttpClient(AbstractDelegateHttpsURLConnection.java:191) ~[?:1.8.0_101]
	at sun.net.www.protocol.http.HttpURLConnection.plainConnect0(HttpURLConnection.java:1148) ~[?:1.8.0_101]
	at sun.net.www.protocol.http.HttpURLConnection$6.run(HttpURLConnection.java:989) ~[?:1.8.0_101]
	at sun.net.www.protocol.http.HttpURLConnection$6.run(HttpURLConnection.java:987) ~[?:1.8.0_101]
	at java.security.AccessController.doPrivileged(Native Method) ~[?:1.8.0_101]
	at java.security.AccessController.doPrivilegedWithCombiner(AccessController.java:782) ~[?:1.8.0_101]
	at sun.net.www.protocol.http.HttpURLConnection.plainConnect(HttpURLConnection.java:986) ~[?:1.8.0_101]
	at sun.net.www.protocol.https.AbstractDelegateHttpsURLConnection.connect(AbstractDelegateHttpsURLConnection.java:177) ~[?:1.8.0_101]
	at sun.net.www.protocol.http.HttpURLConnection.getInputStream0(HttpURLConnection.java:1513) ~[?:1.8.0_101]
	at sun.net.www.protocol.http.HttpURLConnection.access$200(HttpURLConnection.java:90) ~[?:1.8.0_101]
	at sun.net.www.protocol.http.HttpURLConnection$9.run(HttpURLConnection.java:1433) ~[?:1.8.0_101]
	at sun.net.www.protocol.http.HttpURLConnection$9.run(HttpURLConnection.java:1431) ~[?:1.8.0_101]
	at java.security.AccessController.doPrivileged(Native Method) ~[?:1.8.0_101]
	at java.security.AccessController.doPrivilegedWithCombiner(AccessController.java:782) ~[?:1.8.0_101]
	at sun.net.www.protocol.http.HttpURLConnection.getInputStream(HttpURLConnection.java:1430) ~[?:1.8.0_101]
	at sun.net.www.protocol.https.HttpsURLConnectionImpl.getInputStream(HttpsURLConnectionImpl.java:254) ~[?:1.8.0_101]
	at com.mojang.authlib.HttpAuthenticationService.performGetRequest(HttpAuthenticationService.java:130) ~[HttpAuthenticationService.class:?]
	at com.mojang.authlib.yggdrasil.YggdrasilAuthenticationService.makeRequest(YggdrasilAuthenticationService.java:66) ~[YggdrasilAuthenticationService.class:?]
	... 28 more
[21:00:10] [Server thread/INFO]: Player394[local:E:f33aaf07] logged in with entity id 199 at (641.1607756930763, 71.0, 54.79123477136623)
[21:00:10] [Server thread/INFO]: Player394 joined the game
[21:00:17] [Server thread/INFO]: Saving and pausing game...
[21:00:17] [Server thread/INFO]: Saving chunks for level 'Maw it's a test'/overworld
[21:00:19] [Server thread/INFO]: Saving chunks for level 'Maw it's a test'/the_nether
[21:00:19] [Server thread/INFO]: Saving chunks for level 'Maw it's a test'/the_end
[21:00:19] [pool-2-thread-1/WARN]: Couldn't look up profile properties for com.mojang.authlib.GameProfile@46fc7867[id=9662db8b-9062-3256-9f5d-83caa676c3d7,name=Player394,properties={},legacy=false]
com.mojang.authlib.exceptions.AuthenticationUnavailableException: Cannot contact authentication server
	at com.mojang.authlib.yggdrasil.YggdrasilAuthenticationService.makeRequest(YggdrasilAuthenticationService.java:85) ~[YggdrasilAuthenticationService.class:?]
	at com.mojang.authlib.yggdrasil.YggdrasilMinecraftSessionService.fillGameProfile(YggdrasilMinecraftSessionService.java:180) [YggdrasilMinecraftSessionService.class:?]
	at com.mojang.authlib.yggdrasil.YggdrasilMinecraftSessionService$1.load(YggdrasilMinecraftSessionService.java:60) [YggdrasilMinecraftSessionService$1.class:?]
	at com.mojang.authlib.yggdrasil.YggdrasilMinecraftSessionService$1.load(YggdrasilMinecraftSessionService.java:57) [YggdrasilMinecraftSessionService$1.class:?]
	at com.google.common.cache.LocalCache$LoadingValueReference.loadFuture(LocalCache.java:3716) [guava-21.0.jar:?]
	at com.google.common.cache.LocalCache$Segment.loadSync(LocalCache.java:2424) [guava-21.0.jar:?]
	at com.google.common.cache.LocalCache$Segment.lockedGetOrLoad(LocalCache.java:2298) [guava-21.0.jar:?]
	at com.google.common.cache.LocalCache$Segment.get(LocalCache.java:2211) [guava-21.0.jar:?]
	at com.google.common.cache.LocalCache.get(LocalCache.java:4154) [guava-21.0.jar:?]
	at com.google.common.cache.LocalCache.getOrLoad(LocalCache.java:4158) [guava-21.0.jar:?]
	at com.google.common.cache.LocalCache$LocalLoadingCache.get(LocalCache.java:5147) [guava-21.0.jar:?]
	at com.google.common.cache.LocalCache$LocalLoadingCache.getUnchecked(LocalCache.java:5153) [guava-21.0.jar:?]
	at com.mojang.authlib.yggdrasil.YggdrasilMinecraftSessionService.fillProfileProperties(YggdrasilMinecraftSessionService.java:170) [YggdrasilMinecraftSessionService.class:?]
	at net.minecraft.client.Minecraft.getProfileProperties(Minecraft.java:3190) [Minecraft.class:?]
	at net.minecraft.client.resources.SkinManager$3.run(SkinManager.java:138) [SkinManager$3.class:?]
	at java.util.concurrent.Executors$RunnableAdapter.call(Executors.java:511) [?:1.8.0_101]
	at java.util.concurrent.FutureTask.run(FutureTask.java:266) [?:1.8.0_101]
	at java.util.concurrent.ThreadPoolExecutor.runWorker(ThreadPoolExecutor.java:1142) [?:1.8.0_101]
	at java.util.concurrent.ThreadPoolExecutor$Worker.run(ThreadPoolExecutor.java:617) [?:1.8.0_101]
	at java.lang.Thread.run(Thread.java:745) [?:1.8.0_101]
Caused by: java.net.UnknownHostException: sessionserver.mojang.com
	at java.net.AbstractPlainSocketImpl.connect(AbstractPlainSocketImpl.java:184) ~[?:1.8.0_101]
	at java.net.PlainSocketImpl.connect(PlainSocketImpl.java:172) ~[?:1.8.0_101]
	at java.net.SocksSocketImpl.connect(SocksSocketImpl.java:392) ~[?:1.8.0_101]
	at java.net.Socket.connect(Socket.java:589) ~[?:1.8.0_101]
	at sun.security.ssl.SSLSocketImpl.connect(SSLSocketImpl.java:668) ~[?:1.8.0_101]
	at sun.net.NetworkClient.doConnect(NetworkClient.java:175) ~[?:1.8.0_101]
	at sun.net.www.http.HttpClient.openServer(HttpClient.java:432) ~[?:1.8.0_101]
	at sun.net.www.http.HttpClient.openServer(HttpClient.java:527) ~[?:1.8.0_101]
	at sun.net.www.protocol.https.HttpsClient.<init>(HttpsClient.java:264) ~[?:1.8.0_101]
	at sun.net.www.protocol.https.HttpsClient.New(HttpsClient.java:367) ~[?:1.8.0_101]
	at sun.net.www.protocol.https.AbstractDelegateHttpsURLConnection.getNewHttpClient(AbstractDelegateHttpsURLConnection.java:191) ~[?:1.8.0_101]
	at sun.net.www.protocol.http.HttpURLConnection.plainConnect0(HttpURLConnection.java:1148) ~[?:1.8.0_101]
	at sun.net.www.protocol.http.HttpURLConnection$6.run(HttpURLConnection.java:989) ~[?:1.8.0_101]
	at sun.net.www.protocol.http.HttpURLConnection$6.run(HttpURLConnection.java:987) ~[?:1.8.0_101]
	at java.security.AccessController.doPrivileged(Native Method) ~[?:1.8.0_101]
	at java.security.AccessController.doPrivilegedWithCombiner(AccessController.java:782) ~[?:1.8.0_101]
	at sun.net.www.protocol.http.HttpURLConnection.plainConnect(HttpURLConnection.java:986) ~[?:1.8.0_101]
	at sun.net.www.protocol.https.AbstractDelegateHttpsURLConnection.connect(AbstractDelegateHttpsURLConnection.java:177) ~[?:1.8.0_101]
	at sun.net.www.protocol.http.HttpURLConnection.getInputStream0(HttpURLConnection.java:1513) ~[?:1.8.0_101]
	at sun.net.www.protocol.http.HttpURLConnection.access$200(HttpURLConnection.java:90) ~[?:1.8.0_101]
	at sun.net.www.protocol.http.HttpURLConnection$9.run(HttpURLConnection.java:1433) ~[?:1.8.0_101]
	at sun.net.www.protocol.http.HttpURLConnection$9.run(HttpURLConnection.java:1431) ~[?:1.8.0_101]
	at java.security.AccessController.doPrivileged(Native Method) ~[?:1.8.0_101]
	at java.security.AccessController.doPrivilegedWithCombiner(AccessController.java:782) ~[?:1.8.0_101]
	at sun.net.www.protocol.http.HttpURLConnection.getInputStream(HttpURLConnection.java:1430) ~[?:1.8.0_101]
	at sun.net.www.protocol.https.HttpsURLConnectionImpl.getInputStream(HttpsURLConnectionImpl.java:254) ~[?:1.8.0_101]
	at com.mojang.authlib.HttpAuthenticationService.performGetRequest(HttpAuthenticationService.java:130) ~[HttpAuthenticationService.class:?]
	at com.mojang.authlib.yggdrasil.YggdrasilAuthenticationService.makeRequest(YggdrasilAuthenticationService.java:66) ~[YggdrasilAuthenticationService.class:?]
	... 19 more
[21:00:21] [Server thread/INFO]: Saving and pausing game...
[21:00:21] [Server thread/INFO]: Saving chunks for level 'Maw it's a test'/overworld
[21:00:21] [Server thread/INFO]: Saving chunks for level 'Maw it's a test'/the_nether
[21:00:21] [Server thread/INFO]: Saving chunks for level 'Maw it's a test'/the_end
[21:00:40] [main/INFO]: [CHAT] Count: 1
[21:00:40] [main/INFO]: [CHAT] Count: 2
[21:00:42] [main/INFO]: [CHAT] Count: 3
[21:00:43] [main/INFO]: [CHAT] Count: 4
[21:00:43] [main/INFO]: [CHAT] Count: 5
[21:00:50] [main/INFO]: [CHAT] Count: 6
[21:00:52] [main/INFO]: [CHAT] Count: 0
[21:01:10] [main/INFO]: [CHAT] Count: -1
[21:01:10] [main/INFO]: [CHAT] Count: -2
[21:01:13] [main/INFO]: [CHAT] Count: -1
[21:01:14] [main/INFO]: [CHAT] Count: 0
[21:01:15] [main/INFO]: [CHAT] Count: 1
[21:01:15] [main/INFO]: [CHAT] Count: 2
[21:01:16] [main/INFO]: [CHAT] Count: 3
[21:01:16] [main/INFO]: [CHAT] Count: 4
[21:01:16] [main/INFO]: [CHAT] Count: 5
[21:01:16] [main/INFO]: [CHAT] Count: 6
[21:01:17] [main/INFO]: [CHAT] Count: 7
[21:01:17] [main/INFO]: [CHAT] Count: 8
[21:01:17] [main/INFO]: [CHAT] Count: 9
[21:01:18] [main/INFO]: [CHAT] Count: 10
[21:01:20] [main/INFO]: [CHAT] Count: 9
[21:01:21] [main/INFO]: [CHAT] Count: 8
[21:01:21] [main/INFO]: [CHAT] Count: 7
[21:01:22] [main/INFO]: [CHAT] Count: 6
[21:01:22] [main/INFO]: [CHAT] Count: 5
[21:01:22] [main/INFO]: [CHAT] Count: 4
[21:01:22] [main/INFO]: [CHAT] Count: 3
[21:01:23] [main/INFO]: [CHAT] Count: 2
[21:01:23] [main/INFO]: [CHAT] Count: 1
[21:01:24] [main/INFO]: [CHAT] Count: 0
[21:01:58] [main/INFO]: [CHAT] --- Showing help page 1 of 8 (/help <page>) ---
[21:01:58] [main/INFO]: [CHAT] /advancement <grant|revoke|test> <player>
[21:01:58] [main/INFO]: [CHAT] /blockdata <x> <y> <z> <dataTag>
[21:01:58] [main/INFO]: [CHAT] /clear [player] [item] [data] [maxCount] [dataTag]
[21:01:58] [main/INFO]: [CHAT] /clone <x1> <y1> <z1> <x2> <y2> <z2> <x> <y> <z> [maskMode] [cloneMode]
[21:01:58] [main/INFO]: [CHAT] /debug <start|stop>
[21:01:58] [main/INFO]: [CHAT] /defaultgamemode <mode>
[21:01:58] [main/INFO]: [CHAT] /difficulty <new difficulty>
[21:01:58] [main/INFO]: [CHAT] Tip: Use the <tab> key while typing a command to auto-complete the command or its arguments
[21:02:05] [main/INFO]: [CHAT] --- Showing help page 2 of 8 (/help <page>) ---
[21:02:05] [main/INFO]: [CHAT] /effect <player> <effect> [seconds] [amplifier] [hideParticles] OR /effect <player> clear
[21:02:05] [main/INFO]: [CHAT] /enchant <player> <enchantment ID> [level]
[21:02:05] [main/INFO]: [CHAT] /entitydata <entity> <dataTag>
[21:02:05] [main/INFO]: [CHAT] /execute <entity> <x> <y> <z> <command> OR /execute <entity> <x> <y> <z> detect <x> <y> <z> <block> <dataValue|-1|state|*> <command>
[21:02:05] [main/INFO]: [CHAT] /fill <x1> <y1> <z1> <x2> <y2> <z2> <block> [dataValue|state] [oldBlockHandling] [dataTag]
[21:02:05] [main/INFO]: [CHAT] Use /forge <subcommand>. Subcommands are tps, track, gen
[21:02:05] [main/INFO]: [CHAT] /function <name> [if <selector>|unless <selector>]
[21:02:14] [main/INFO]: [CHAT] --- Showing help page 3 of 8 (/help <page>) ---
[21:02:14] [main/INFO]: [CHAT] /gamemode <mode> [player]
[21:02:14] [main/INFO]: [CHAT] /gamerule <rule name> [value]
[21:02:14] [main/INFO]: [CHAT] /give <player> <item> [amount] [data] [dataTag]
[21:02:14] [main/INFO]: [CHAT] /help [page|command name]
[21:02:14] [main/INFO]: [CHAT] /kill [player|entity]
[21:02:14] [main/INFO]: [CHAT] /locate <feature>
[21:02:14] [main/INFO]: [CHAT] /me <action ...>
[21:02:20] [main/INFO]: [CHAT] --- Showing help page 4 of 8 (/help <page>) ---
[21:02:20] [main/INFO]: [CHAT] /particle <name> <x> <y> <z> <xd> <yd> <zd> <speed> [count] [mode] [player] [params]
[21:02:20] [main/INFO]: [CHAT] /playsound <sound> <source> <player> [x] [y] [z] [volume] [pitch] [minimumVolume]
[21:02:20] [main/INFO]: [CHAT] /publish
[21:02:20] [main/INFO]: [CHAT] /recipe <give|take> [player] <name|*>
[21:02:20] [main/INFO]: [CHAT] /reload
[21:02:20] [main/INFO]: [CHAT] /replaceitem <entity|block> ...
[21:02:20] [main/INFO]: [CHAT] /say <message ...>
[21:02:24] [main/INFO]: [CHAT] --- Showing help page 5 of 8 (/help <page>) ---
[21:02:24] [main/INFO]: [CHAT] /scoreboard <objectives|players|teams> ...
[21:02:24] [main/INFO]: [CHAT] /seed
[21:02:24] [main/INFO]: [CHAT] /setblock <x> <y> <z> <block> [dataValue|state] [oldBlockHandling] [dataTag]
[21:02:24] [main/INFO]: [CHAT] /setworldspawn [<x> <y> <z>]
[21:02:24] [main/INFO]: [CHAT] /spawnpoint [player] [<x> <y> <z>]
[21:02:24] [main/INFO]: [CHAT] /spreadplayers <x> <z> <spreadDistance> <maxRange> <respectTeams true|false> <player ...>
[21:02:24] [main/INFO]: [CHAT] /stats <entity|block> ...
[21:02:28] [Server thread/INFO]: Saving and pausing game...
[21:02:28] [Server thread/INFO]: Saving chunks for level 'Maw it's a test'/overworld
[21:02:29] [Server thread/INFO]: Saving chunks for level 'Maw it's a test'/the_nether
[21:02:29] [Server thread/INFO]: Saving chunks for level 'Maw it's a test'/the_end
[21:03:21] [Server thread/INFO]: Saving and pausing game...
[21:03:21] [Server thread/INFO]: Saving chunks for level 'Maw it's a test'/overworld
[21:03:21] [Server thread/INFO]: Saving chunks for level 'Maw it's a test'/the_nether
[21:03:21] [Server thread/INFO]: Saving chunks for level 'Maw it's a test'/the_end
[21:04:48] [main/INFO]: [CHAT] Count: -1
[21:04:49] [main/INFO]: [CHAT] Count: -2
[21:04:49] [main/INFO]: [CHAT] Count: -3
[21:04:50] [main/INFO]: [CHAT] Count: -4
[21:04:50] [main/INFO]: [CHAT] Count: -5
[21:04:50] [main/INFO]: [CHAT] Count: -6
[21:04:52] [main/INFO]: [CHAT] Count: -5
[21:04:52] [main/INFO]: [CHAT] Count: -4
[21:04:52] [main/INFO]: [CHAT] Count: -3
[21:04:53] [main/INFO]: [CHAT] Count: -2
[21:04:53] [main/INFO]: [CHAT] Count: -1
[21:04:53] [main/INFO]: [CHAT] Count: 0
[21:05:00] [main/INFO]: [CHAT] Count: 0
[21:05:01] [main/INFO]: [CHAT] Count: 0
[21:05:02] [main/INFO]: [CHAT] Count: 0
[21:05:03] [main/INFO]: [CHAT] Count: 0
[21:05:04] [main/INFO]: [CHAT] Count: 0
[21:05:05] [main/INFO]: [CHAT] Count: 0
[21:05:07] [main/INFO]: [CHAT] Count: 0
