[22:58:07] [main/INFO]: Setting user: Player243
[22:58:13] [main/WARN]: Skipping bad option: lastServer:
[22:58:13] [main/INFO]: LWJGL Version: 2.9.4
[22:58:20] [main/INFO]: Reloading ResourceManager: Default, FMLFileResourcePack:Forge Mod Loader, FMLFileResourcePack:Minecraft Forge, FMLFileResourcePack:The CAAB, FMLFileResourcePack:Chisels & Bits, FMLFileResourcePack:Flat Colored Blocks, FMLFileResourcePack:Waila, FMLFileResourcePack:What Are We Looking At
[22:58:30] [Sound Library Loader/INFO]: Starting up SoundSystem...
[22:58:30] [Thread-6/INFO]: Initializing LWJGL OpenAL
[22:58:30] [Thread-6/INFO]: (The LWJGL binding of OpenAL.  For more information, see http://www.lwjgl.org)
[22:58:36] [Thread-6/INFO]: OpenAL initialized.
[22:58:36] [Sound Library Loader/INFO]: Sound engine started
[22:58:42] [main/INFO]: Created: 512x512 textures-atlas
[22:58:49] [main/WARN]: Skipping bad option: lastServer:
[22:58:49] [main/INFO]: Narrator library for x64 successfully loaded
[22:59:05] [Server thread/INFO]: Starting integrated minecraft server version 1.12.2
[22:59:05] [Server thread/INFO]: Generating keypair
[22:59:08] [Server thread/INFO]: Loaded 488 advancements
[22:59:08] [Server thread/INFO]: Preparing start region for level 0
[22:59:09] [Server thread/INFO]: Preparing spawn area: 15%
[22:59:10] [Server thread/INFO]: Changing view distance to 13, from 10
[22:59:12] [main/WARN]: Couldn't look up profile properties for com.mojang.authlib.GameProfile@1c72640e[id=6554aa36-758b-3cee-a8f7-555b71fa0c55,name=Player243,properties={},legacy=false]
com.mojang.authlib.exceptions.AuthenticationUnavailableException: Cannot contact authentication server
	at com.mojang.authlib.yggdrasil.YggdrasilAuthenticationService.makeRequest(YggdrasilAuthenticationService.java:85) ~[YggdrasilAuthenticationService.class:?]
	at com.mojang.authlib.yggdrasil.YggdrasilMinecraftSessionService.fillGameProfile(YggdrasilMinecraftSessionService.java:180) [YggdrasilMinecraftSessionService.class:?]
	at com.mojang.authlib.yggdrasil.YggdrasilMinecraftSessionService.fillProfileProperties(YggdrasilMinecraftSessionService.java:173) [YggdrasilMinecraftSessionService.class:?]
	at net.minecraft.client.Minecraft.launchIntegratedServer(Minecraft.java:2549) [Minecraft.class:?]
	at net.minecraftforge.fml.client.FMLClientHandler.tryLoadExistingWorld(FMLClientHandler.java:764) [FMLClientHandler.class:?]
	at net.minecraft.client.gui.GuiListWorldSelectionEntry.loadWorld(GuiListWorldSelectionEntry.java:253) [GuiListWorldSelectionEntry.class:?]
	at net.minecraft.client.gui.GuiListWorldSelectionEntry.joinWorld(GuiListWorldSelectionEntry.java:203) [GuiListWorldSelectionEntry.class:?]
	at net.minecraft.client.gui.GuiListWorldSelectionEntry.mousePressed(GuiListWorldSelectionEntry.java:167) [GuiListWorldSelectionEntry.class:?]
	at net.minecraft.client.gui.GuiListExtended.mouseClicked(GuiListExtended.java:57) [GuiListExtended.class:?]
	at net.minecraft.client.gui.GuiWorldSelection.mouseClicked(GuiWorldSelection.java:134) [GuiWorldSelection.class:?]
	at net.minecraft.client.gui.GuiScreen.handleMouseInput(GuiScreen.java:611) [GuiScreen.class:?]
	at net.minecraft.client.gui.GuiWorldSelection.handleMouseInput(GuiWorldSelection.java:49) [GuiWorldSelection.class:?]
	at net.minecraft.client.gui.GuiScreen.handleInput(GuiScreen.java:576) [GuiScreen.class:?]
	at net.minecraft.client.Minecraft.runTick(Minecraft.java:1884) [Minecraft.class:?]
	at net.minecraft.client.Minecraft.runGameLoop(Minecraft.java:1186) [Minecraft.class:?]
	at net.minecraft.client.Minecraft.run(Minecraft.java:441) [Minecraft.class:?]
	at net.minecraft.client.main.Main.main(Main.java:118) [Main.class:?]
	at sun.reflect.NativeMethodAccessorImpl.invoke0(Native Method) ~[?:1.8.0_101]
	at sun.reflect.NativeMethodAccessorImpl.invoke(NativeMethodAccessorImpl.java:62) ~[?:1.8.0_101]
	at sun.reflect.DelegatingMethodAccessorImpl.invoke(DelegatingMethodAccessorImpl.java:43) ~[?:1.8.0_101]
	at java.lang.reflect.Method.invoke(Method.java:498) ~[?:1.8.0_101]
	at net.minecraft.launchwrapper.Launch.launch(Launch.java:135) [launchwrapper-1.12.jar:?]
	at net.minecraft.launchwrapper.Launch.main(Launch.java:28) [launchwrapper-1.12.jar:?]
	at sun.reflect.NativeMethodAccessorImpl.invoke0(Native Method) ~[?:1.8.0_101]
	at sun.reflect.NativeMethodAccessorImpl.invoke(NativeMethodAccessorImpl.java:62) ~[?:1.8.0_101]
	at sun.reflect.DelegatingMethodAccessorImpl.invoke(DelegatingMethodAccessorImpl.java:43) ~[?:1.8.0_101]
	at java.lang.reflect.Method.invoke(Method.java:498) ~[?:1.8.0_101]
	at net.minecraftforge.gradle.GradleStartCommon.launch(GradleStartCommon.java:97) [start/:?]
	at GradleStart.main(GradleStart.java:26) [start/:?]
	at sun.reflect.NativeMethodAccessorImpl.invoke0(Native Method) ~[?:1.8.0_101]
	at sun.reflect.NativeMethodAccessorImpl.invoke(NativeMethodAccessorImpl.java:62) ~[?:1.8.0_101]
	at sun.reflect.DelegatingMethodAccessorImpl.invoke(DelegatingMethodAccessorImpl.java:43) ~[?:1.8.0_101]
	at java.lang.reflect.Method.invoke(Method.java:498) ~[?:1.8.0_101]
	at com.intellij.rt.execution.application.AppMain.main(AppMain.java:147) [idea_rt.jar:?]
Caused by: java.net.UnknownHostException: sessionserver.mojang.com
	at java.net.AbstractPlainSocketImpl.connect(AbstractPlainSocketImpl.java:184) ~[?:1.8.0_101]
	at java.net.PlainSocketImpl.connect(PlainSocketImpl.java:172) ~[?:1.8.0_101]
	at java.net.SocksSocketImpl.connect(SocksSocketImpl.java:392) ~[?:1.8.0_101]
	at java.net.Socket.connect(Socket.java:589) ~[?:1.8.0_101]
	at sun.security.ssl.SSLSocketImpl.connect(SSLSocketImpl.java:668) ~[?:1.8.0_101]
	at sun.net.NetworkClient.doConnect(NetworkClient.java:175) ~[?:1.8.0_101]
	at sun.net.www.http.HttpClient.openServer(HttpClient.java:432) ~[?:1.8.0_101]
	at sun.net.www.http.HttpClient.openServer(HttpClient.java:527) ~[?:1.8.0_101]
	at sun.net.www.protocol.https.HttpsClient.<init>(HttpsClient.java:264) ~[?:1.8.0_101]
	at sun.net.www.protocol.https.HttpsClient.New(HttpsClient.java:367) ~[?:1.8.0_101]
	at sun.net.www.protocol.https.AbstractDelegateHttpsURLConnection.getNewHttpClient(AbstractDelegateHttpsURLConnection.java:191) ~[?:1.8.0_101]
	at sun.net.www.protocol.http.HttpURLConnection.plainConnect0(HttpURLConnection.java:1148) ~[?:1.8.0_101]
	at sun.net.www.protocol.http.HttpURLConnection$6.run(HttpURLConnection.java:989) ~[?:1.8.0_101]
	at sun.net.www.protocol.http.HttpURLConnection$6.run(HttpURLConnection.java:987) ~[?:1.8.0_101]
	at java.security.AccessController.doPrivileged(Native Method) ~[?:1.8.0_101]
	at java.security.AccessController.doPrivilegedWithCombiner(AccessController.java:782) ~[?:1.8.0_101]
	at sun.net.www.protocol.http.HttpURLConnection.plainConnect(HttpURLConnection.java:986) ~[?:1.8.0_101]
	at sun.net.www.protocol.https.AbstractDelegateHttpsURLConnection.connect(AbstractDelegateHttpsURLConnection.java:177) ~[?:1.8.0_101]
	at sun.net.www.protocol.http.HttpURLConnection.getInputStream0(HttpURLConnection.java:1513) ~[?:1.8.0_101]
	at sun.net.www.protocol.http.HttpURLConnection.access$200(HttpURLConnection.java:90) ~[?:1.8.0_101]
	at sun.net.www.protocol.http.HttpURLConnection$9.run(HttpURLConnection.java:1433) ~[?:1.8.0_101]
	at sun.net.www.protocol.http.HttpURLConnection$9.run(HttpURLConnection.java:1431) ~[?:1.8.0_101]
	at java.security.AccessController.doPrivileged(Native Method) ~[?:1.8.0_101]
	at java.security.AccessController.doPrivilegedWithCombiner(AccessController.java:782) ~[?:1.8.0_101]
	at sun.net.www.protocol.http.HttpURLConnection.getInputStream(HttpURLConnection.java:1430) ~[?:1.8.0_101]
	at sun.net.www.protocol.https.HttpsURLConnectionImpl.getInputStream(HttpsURLConnectionImpl.java:254) ~[?:1.8.0_101]
	at com.mojang.authlib.HttpAuthenticationService.performGetRequest(HttpAuthenticationService.java:130) ~[HttpAuthenticationService.class:?]
	at com.mojang.authlib.yggdrasil.YggdrasilAuthenticationService.makeRequest(YggdrasilAuthenticationService.java:66) ~[YggdrasilAuthenticationService.class:?]
	... 33 more
[22:59:12] [Server thread/INFO]: Player243[local:E:22874419] logged in with entity id 197 at (641.3857058586809, 70.0, 51.35621918143116)
[22:59:12] [Server thread/INFO]: Player243 joined the game
[22:59:17] [Server thread/INFO]: Saving and pausing game...
[22:59:17] [Server thread/INFO]: Saving chunks for level 'Maw it's a test'/overworld
[22:59:17] [Server thread/INFO]: Saving chunks for level 'Maw it's a test'/the_nether
[22:59:17] [Server thread/INFO]: Saving chunks for level 'Maw it's a test'/the_end
[22:59:18] [pool-2-thread-1/WARN]: Couldn't look up profile properties for com.mojang.authlib.GameProfile@69e45786[id=6554aa36-758b-3cee-a8f7-555b71fa0c55,name=Player243,properties={},legacy=false]
com.mojang.authlib.exceptions.AuthenticationUnavailableException: Cannot contact authentication server
	at com.mojang.authlib.yggdrasil.YggdrasilAuthenticationService.makeRequest(YggdrasilAuthenticationService.java:85) ~[YggdrasilAuthenticationService.class:?]
	at com.mojang.authlib.yggdrasil.YggdrasilMinecraftSessionService.fillGameProfile(YggdrasilMinecraftSessionService.java:180) [YggdrasilMinecraftSessionService.class:?]
	at com.mojang.authlib.yggdrasil.YggdrasilMinecraftSessionService$1.load(YggdrasilMinecraftSessionService.java:60) [YggdrasilMinecraftSessionService$1.class:?]
	at com.mojang.authlib.yggdrasil.YggdrasilMinecraftSessionService$1.load(YggdrasilMinecraftSessionService.java:57) [YggdrasilMinecraftSessionService$1.class:?]
	at com.google.common.cache.LocalCache$LoadingValueReference.loadFuture(LocalCache.java:3716) [guava-21.0.jar:?]
	at com.google.common.cache.LocalCache$Segment.loadSync(LocalCache.java:2424) [guava-21.0.jar:?]
	at com.google.common.cache.LocalCache$Segment.lockedGetOrLoad(LocalCache.java:2298) [guava-21.0.jar:?]
	at com.google.common.cache.LocalCache$Segment.get(LocalCache.java:2211) [guava-21.0.jar:?]
	at com.google.common.cache.LocalCache.get(LocalCache.java:4154) [guava-21.0.jar:?]
	at com.google.common.cache.LocalCache.getOrLoad(LocalCache.java:4158) [guava-21.0.jar:?]
	at com.google.common.cache.LocalCache$LocalLoadingCache.get(LocalCache.java:5147) [guava-21.0.jar:?]
	at com.google.common.cache.LocalCache$LocalLoadingCache.getUnchecked(LocalCache.java:5153) [guava-21.0.jar:?]
	at com.mojang.authlib.yggdrasil.YggdrasilMinecraftSessionService.fillProfileProperties(YggdrasilMinecraftSessionService.java:170) [YggdrasilMinecraftSessionService.class:?]
	at net.minecraft.client.Minecraft.getProfileProperties(Minecraft.java:3190) [Minecraft.class:?]
	at net.minecraft.client.resources.SkinManager$3.run(SkinManager.java:138) [SkinManager$3.class:?]
	at java.util.concurrent.Executors$RunnableAdapter.call(Executors.java:511) [?:1.8.0_101]
	at java.util.concurrent.FutureTask.run(FutureTask.java:266) [?:1.8.0_101]
	at java.util.concurrent.ThreadPoolExecutor.runWorker(ThreadPoolExecutor.java:1142) [?:1.8.0_101]
	at java.util.concurrent.ThreadPoolExecutor$Worker.run(ThreadPoolExecutor.java:617) [?:1.8.0_101]
	at java.lang.Thread.run(Thread.java:745) [?:1.8.0_101]
Caused by: java.net.UnknownHostException: sessionserver.mojang.com
	at java.net.AbstractPlainSocketImpl.connect(AbstractPlainSocketImpl.java:184) ~[?:1.8.0_101]
	at java.net.PlainSocketImpl.connect(PlainSocketImpl.java:172) ~[?:1.8.0_101]
	at java.net.SocksSocketImpl.connect(SocksSocketImpl.java:392) ~[?:1.8.0_101]
	at java.net.Socket.connect(Socket.java:589) ~[?:1.8.0_101]
	at sun.security.ssl.SSLSocketImpl.connect(SSLSocketImpl.java:668) ~[?:1.8.0_101]
	at sun.net.NetworkClient.doConnect(NetworkClient.java:175) ~[?:1.8.0_101]
	at sun.net.www.http.HttpClient.openServer(HttpClient.java:432) ~[?:1.8.0_101]
	at sun.net.www.http.HttpClient.openServer(HttpClient.java:527) ~[?:1.8.0_101]
	at sun.net.www.protocol.https.HttpsClient.<init>(HttpsClient.java:264) ~[?:1.8.0_101]
	at sun.net.www.protocol.https.HttpsClient.New(HttpsClient.java:367) ~[?:1.8.0_101]
	at sun.net.www.protocol.https.AbstractDelegateHttpsURLConnection.getNewHttpClient(AbstractDelegateHttpsURLConnection.java:191) ~[?:1.8.0_101]
	at sun.net.www.protocol.http.HttpURLConnection.plainConnect0(HttpURLConnection.java:1148) ~[?:1.8.0_101]
	at sun.net.www.protocol.http.HttpURLConnection$6.run(HttpURLConnection.java:989) ~[?:1.8.0_101]
	at sun.net.www.protocol.http.HttpURLConnection$6.run(HttpURLConnection.java:987) ~[?:1.8.0_101]
	at java.security.AccessController.doPrivileged(Native Method) ~[?:1.8.0_101]
	at java.security.AccessController.doPrivilegedWithCombiner(AccessController.java:782) ~[?:1.8.0_101]
	at sun.net.www.protocol.http.HttpURLConnection.plainConnect(HttpURLConnection.java:986) ~[?:1.8.0_101]
	at sun.net.www.protocol.https.AbstractDelegateHttpsURLConnection.connect(AbstractDelegateHttpsURLConnection.java:177) ~[?:1.8.0_101]
	at sun.net.www.protocol.http.HttpURLConnection.getInputStream0(HttpURLConnection.java:1513) ~[?:1.8.0_101]
	at sun.net.www.protocol.http.HttpURLConnection.access$200(HttpURLConnection.java:90) ~[?:1.8.0_101]
	at sun.net.www.protocol.http.HttpURLConnection$9.run(HttpURLConnection.java:1433) ~[?:1.8.0_101]
	at sun.net.www.protocol.http.HttpURLConnection$9.run(HttpURLConnection.java:1431) ~[?:1.8.0_101]
	at java.security.AccessController.doPrivileged(Native Method) ~[?:1.8.0_101]
	at java.security.AccessController.doPrivilegedWithCombiner(AccessController.java:782) ~[?:1.8.0_101]
	at sun.net.www.protocol.http.HttpURLConnection.getInputStream(HttpURLConnection.java:1430) ~[?:1.8.0_101]
	at sun.net.www.protocol.https.HttpsURLConnectionImpl.getInputStream(HttpsURLConnectionImpl.java:254) ~[?:1.8.0_101]
	at com.mojang.authlib.HttpAuthenticationService.performGetRequest(HttpAuthenticationService.java:130) ~[HttpAuthenticationService.class:?]
	at com.mojang.authlib.yggdrasil.YggdrasilAuthenticationService.makeRequest(YggdrasilAuthenticationService.java:66) ~[YggdrasilAuthenticationService.class:?]
	... 19 more
[22:59:18] [main/INFO]: Loaded 22 advancements
[22:59:23] [main/WARN]: Failed to load texture: thecaab:assets	hecaab	extureslocks	he_modules_1
java.io.FileNotFoundException: thecaab:assets	hecaab	extureslocks	he_modules_1
	at net.minecraft.client.resources.FallbackResourceManager.getResource(FallbackResourceManager.java:69) ~[FallbackResourceManager.class:?]
	at net.minecraft.client.resources.SimpleReloadableResourceManager.getResource(SimpleReloadableResourceManager.java:65) ~[SimpleReloadableResourceManager.class:?]
	at net.minecraft.client.renderer.texture.SimpleTexture.loadTexture(SimpleTexture.java:34) ~[SimpleTexture.class:?]
	at net.minecraft.client.renderer.texture.TextureManager.loadTexture(TextureManager.java:69) [TextureManager.class:?]
	at net.minecraft.client.renderer.texture.TextureManager.bindTexture(TextureManager.java:44) [TextureManager.class:?]
	at net.sinamegapolis.thecaab.caabs.tileentities.CAABTESR.render(CAABTESR.java:39) [CAABTESR.class:?]
	at net.sinamegapolis.thecaab.caabs.tileentities.CAABTESR.render(CAABTESR.java:29) [CAABTESR.class:?]
	at net.minecraft.client.renderer.tileentity.TileEntityRendererDispatcher.render(TileEntityRendererDispatcher.java:161) [TileEntityRendererDispatcher.class:?]
	at net.minecraft.client.renderer.tileentity.TileEntityRendererDispatcher.render(TileEntityRendererDispatcher.java:133) [TileEntityRendererDispatcher.class:?]
	at net.minecraft.client.renderer.RenderGlobal.renderEntities(RenderGlobal.java:732) [RenderGlobal.class:?]
	at net.minecraft.client.renderer.EntityRenderer.renderWorldPass(EntityRenderer.java:1398) [EntityRenderer.class:?]
	at net.minecraft.client.renderer.EntityRenderer.renderWorld(EntityRenderer.java:1312) [EntityRenderer.class:?]
	at net.minecraft.client.renderer.EntityRenderer.updateCameraAndRender(EntityRenderer.java:1115) [EntityRenderer.class:?]
	at net.minecraft.client.Minecraft.runGameLoop(Minecraft.java:1207) [Minecraft.class:?]
	at net.minecraft.client.Minecraft.run(Minecraft.java:441) [Minecraft.class:?]
	at net.minecraft.client.main.Main.main(Main.java:118) [Main.class:?]
	at sun.reflect.NativeMethodAccessorImpl.invoke0(Native Method) ~[?:1.8.0_101]
	at sun.reflect.NativeMethodAccessorImpl.invoke(NativeMethodAccessorImpl.java:62) ~[?:1.8.0_101]
	at sun.reflect.DelegatingMethodAccessorImpl.invoke(DelegatingMethodAccessorImpl.java:43) ~[?:1.8.0_101]
	at java.lang.reflect.Method.invoke(Method.java:498) ~[?:1.8.0_101]
	at net.minecraft.launchwrapper.Launch.launch(Launch.java:135) [launchwrapper-1.12.jar:?]
	at net.minecraft.launchwrapper.Launch.main(Launch.java:28) [launchwrapper-1.12.jar:?]
	at sun.reflect.NativeMethodAccessorImpl.invoke0(Native Method) ~[?:1.8.0_101]
	at sun.reflect.NativeMethodAccessorImpl.invoke(NativeMethodAccessorImpl.java:62) ~[?:1.8.0_101]
	at sun.reflect.DelegatingMethodAccessorImpl.invoke(DelegatingMethodAccessorImpl.java:43) ~[?:1.8.0_101]
	at java.lang.reflect.Method.invoke(Method.java:498) ~[?:1.8.0_101]
	at net.minecraftforge.gradle.GradleStartCommon.launch(GradleStartCommon.java:97) [start/:?]
	at GradleStart.main(GradleStart.java:26) [start/:?]
	at sun.reflect.NativeMethodAccessorImpl.invoke0(Native Method) ~[?:1.8.0_101]
	at sun.reflect.NativeMethodAccessorImpl.invoke(NativeMethodAccessorImpl.java:62) ~[?:1.8.0_101]
	at sun.reflect.DelegatingMethodAccessorImpl.invoke(DelegatingMethodAccessorImpl.java:43) ~[?:1.8.0_101]
	at java.lang.reflect.Method.invoke(Method.java:498) ~[?:1.8.0_101]
	at com.intellij.rt.execution.application.AppMain.main(AppMain.java:147) [idea_rt.jar:?]
[23:03:42] [main/INFO]: Warning: Clientside chunk ticking took 183 ms
[23:03:48] [Server thread/INFO]: Saving and pausing game...
[23:03:48] [Server thread/INFO]: Saving chunks for level 'Maw it's a test'/overworld
[23:03:48] [Server thread/INFO]: Saving chunks for level 'Maw it's a test'/the_nether
[23:03:48] [Server thread/INFO]: Saving chunks for level 'Maw it's a test'/the_end
[23:03:48] [Server thread/INFO]: Stopping server
[23:03:48] [Server thread/INFO]: Saving players
[23:03:48] [Server thread/INFO]: Player243 lost connection: Disconnected
[23:03:48] [Server thread/INFO]: Player243 left the game
[23:03:49] [Server thread/INFO]: Stopping singleplayer server as player logged out
[23:03:49] [Server thread/INFO]: Saving worlds
[23:03:49] [Server thread/INFO]: Saving chunks for level 'Maw it's a test'/overworld
[23:03:49] [Server thread/INFO]: Saving chunks for level 'Maw it's a test'/the_nether
[23:03:49] [Server thread/INFO]: Saving chunks for level 'Maw it's a test'/the_end
[23:03:51] [main/INFO]: Stopping!
[23:03:51] [main/INFO]: SoundSystem shutting down...
[23:03:51] [main/WARN]: Author: Paul Lamb, www.paulscode.com
